2024-11-11 20:16:09,134 - INFO - ++++++++++++++++++++++++++++++++++++++++CONFIGURATION SUMMARY++++++++++++++++++++++++++++++++++++++++
2024-11-11 20:16:09,138 - INFO - +-----------------+---------------------------------------+
2024-11-11 20:16:09,138 - INFO - | Configuration   | Value                                 |
2024-11-11 20:16:09,138 - INFO - +-----------------+---------------------------------------+
2024-11-11 20:16:09,139 - INFO - | seed            | 2024                                  |
2024-11-11 20:16:09,139 - INFO - | mode            | test                                  |
2024-11-11 20:16:09,139 - INFO - | train_img_dir   | ./data/数据集/train                   |
2024-11-11 20:16:09,139 - INFO - | train_mask_dir  | ./data/数据集/train_mask              |
2024-11-11 20:16:09,145 - INFO - | val_img_dir     | ./data/数据集/val                     |
2024-11-11 20:16:09,145 - INFO - | val_mask_dir    | ./data/数据集/val_mask                |
2024-11-11 20:16:09,145 - INFO - | test_img_dir    | ./data/数据集/test                    |
2024-11-11 20:16:09,145 - INFO - | test_mask_dir   | ./data/数据集/test_mask               |
2024-11-11 20:16:09,145 - INFO - | tensorboard_dir | ./tensorboard                         |
2024-11-11 20:16:09,145 - INFO - | log_dir         | ./log                                 |
2024-11-11 20:16:09,145 - INFO - | output_dir      | ./output                              |
2024-11-11 20:16:09,145 - INFO - | checkpoints_dir | ./checkpoints                         |
2024-11-11 20:16:09,145 - INFO - | test_checkpoint | ./checkpoints/best_unet_checkpoint.pt |
2024-11-11 20:16:09,145 - INFO - | log_step        | 5                                     |
2024-11-11 20:16:09,146 - INFO - | learning_rate   | 0.0001                                |
2024-11-11 20:16:09,146 - INFO - | batch_size      | 4                                     |
2024-11-11 20:16:09,146 - INFO - | epochs          | 100                                   |
2024-11-11 20:16:09,146 - INFO - +-----------------+---------------------------------------+
2024-11-11 20:16:09,146 - INFO - ++++++++++++++++++++++++++++++++++++++++CONFIGURATION SUMMARY END++++++++++++++++++++++++++++++++++++++++
2024-11-11 20:16:09,788 - INFO - Testing
